c:\dev\programs\c++\project_w\obj\release\release\glfw\glfw.pdb
c:\dev\programs\c++\project_w\obj\release\release\glfw\window.obj
c:\dev\programs\c++\project_w\obj\release\release\glfw\win32_window.obj
c:\dev\programs\c++\project_w\obj\release\release\glfw\win32_time.obj
c:\dev\programs\c++\project_w\obj\release\release\glfw\win32_thread.obj
c:\dev\programs\c++\project_w\obj\release\release\glfw\win32_monitor.obj
c:\dev\programs\c++\project_w\obj\release\release\glfw\win32_joystick.obj
c:\dev\programs\c++\project_w\obj\release\release\glfw\win32_init.obj
c:\dev\programs\c++\project_w\obj\release\release\glfw\wgl_context.obj
c:\dev\programs\c++\project_w\obj\release\release\glfw\vulkan.obj
c:\dev\programs\c++\project_w\obj\release\release\glfw\osmesa_context.obj
c:\dev\programs\c++\project_w\obj\release\release\glfw\monitor.obj
c:\dev\programs\c++\project_w\obj\release\release\glfw\input.obj
c:\dev\programs\c++\project_w\obj\release\release\glfw\init.obj
c:\dev\programs\c++\project_w\obj\release\release\glfw\egl_context.obj
c:\dev\programs\c++\project_w\obj\release\release\glfw\context.obj
c:\dev\programs\c++\project_w\bin\release\glfw.lib
c:\dev\programs\c++\project_w\libs\..\bin\release\glfw.lib
c:\dev\programs\c++\project_w\obj\release\release\glfw\glfw.tlog\cl.command.1.tlog
c:\dev\programs\c++\project_w\obj\release\release\glfw\glfw.tlog\cl.read.1.tlog
c:\dev\programs\c++\project_w\obj\release\release\glfw\glfw.tlog\cl.write.1.tlog
c:\dev\programs\c++\project_w\obj\release\release\glfw\glfw.tlog\lib-link.read.1.tlog
c:\dev\programs\c++\project_w\obj\release\release\glfw\glfw.tlog\lib-link.write.1.tlog
c:\dev\programs\c++\project_w\obj\release\release\glfw\glfw.tlog\lib.command.1.tlog
